<?xml version="1.0" encoding="UTF-8"?>
<!-- Generated by org.testng.reporters.JUnitReportReporter -->
<testsuite hostname="DESKTOP-H586KPP" failures="0" tests="1" name="utility.ExcelUtility" time="0.048" errors="0" timestamp="2025-09-30T15:57:25 IST" skipped="0">
  <testcase classname="utility.ExcelUtility" name="testMethod" time="0.048"/>
</testsuite> <!-- utility.ExcelUtility -->
