<?xml version="1.0" encoding="UTF-8"?>
<!-- Generated by org.testng.reporters.JUnitReportReporter -->
<testsuite hostname="DESKTOP-H586KPP" failures="0" tests="1" name="testcases.TC002_Login" time="12.335" errors="0" timestamp="2025-09-28T13:35:10 IST" skipped="0">
  <testcase classname="testcases.TC002_Login" name="verfiyLogin" time="12.335">
    <system-out>
      <![CDATA[Clicked on My Account Link
Clicked on Login Link
Email address is entered
Password is entered
Login button is clicked]]>
    </system-out>
  </testcase> <!-- verfiyLogin -->
  <system-out>
    <![CDATA[Clicked on My Account Link
Clicked on Login Link
Email address is entered
Password is entered
Login button is clicked]]>
  </system-out>
</testsuite> <!-- testcases.TC002_Login -->
